2026-02-25 09:19:57 [INFO]: 사용자 로그인 성공
2026-02-25 09:19:57 [WARN]: 비정상적인 접근 시도 감지
2026-02-25 09:19:57 [ERROR]: 데이터베이스 연결 오류 발생!
2026-02-25 12:22:21 [INFO]: 사용자 로그인 성공
2026-02-25 12:22:21 [WARN]: 비정상적인 접근 시도 감지
2026-02-25 12:22:21 [ERROR]: 데이터베이스 연결 오류 발생!
2026-02-25 12:23:57 [INFO]: 사용자 로그인 성공
2026-02-25 12:23:57 [WARN]: 비정상적인 접근 시도 감지
2026-02-25 12:23:57 [ERROR]: 데이터베이스 연결 오류 발생!
2026-02-25 12:24:00 [INFO]: cron job 실행
2026-02-25 12:24:05 [INFO]: cron job 실행
2026-02-25 12:27:22 [INFO]: 사용자 로그인 성공
2026-02-25 12:27:22 [WARN]: 비정상적인 접근 시도 감지
2026-02-25 12:27:22 [ERROR]: 데이터베이스 연결 오류 발생!
2026-02-25 12:27:30 [INFO]: 메일 발송
2026-02-25 12:27:40 [INFO]: 메일 발송
2026-02-25 12:27:50 [INFO]: 메일 발송
2026-02-25 12:28:00 [INFO]: 메일 발송
2026-02-25 12:28:10 [INFO]: 메일 발송
2026-02-25 12:28:20 [INFO]: 메일 발송
2026-02-25 12:28:30 [INFO]: 메일 발송
2026-02-25 12:30:22 [INFO]: 사용자 로그인 성공
2026-02-25 12:30:22 [WARN]: 비정상적인 접근 시도 감지
2026-02-25 12:30:22 [ERROR]: 데이터베이스 연결 오류 발생!
